<?xml version="1.0" encoding="UTF-8"?>
<!-- Generated by org.testng.reporters.JUnitReportReporter -->
<testsuite hostname="MAVBNG1121337" failures="0" tests="1" name="com.test.modular.TestOrangeHRMLogin" time="10.338" errors="0" timestamp="2022-01-26T09:14:54 IST" skipped="0">
  <testcase classname="com.test.modular.TestOrangeHRMLogin" name="VerifyValidLogin" time="10.338"/>
  <system-out/>
</testsuite> <!-- com.test.modular.TestOrangeHRMLogin -->
