<?xml version="1.0" encoding="UTF-8"?>
<!-- Generated by org.testng.reporters.JUnitReportReporter -->
<testsuite skipped="0" hostname="LAPTOP-HC7TTO3K" name="com.AngularApp.Tests.CalculatorPageTest" tests="3" failures="0" timestamp="2022-01-12T17:43:15 IST" time="6.657" errors="0">
  <testcase name="sumTest" time="2.359" classname="com.AngularApp.Tests.CalculatorPageTest"/>
  <system-out/>
  <testcase name="subTest" time="2.159" classname="com.AngularApp.Tests.CalculatorPageTest"/>
  <system-out/>
  <testcase name="divTest" time="2.139" classname="com.AngularApp.Tests.CalculatorPageTest"/>
  <system-out/>
</testsuite> <!-- com.AngularApp.Tests.CalculatorPageTest -->
