<?xml version="1.0" encoding="UTF-8"?>
<!-- Generated by org.testng.reporters.JUnitReportReporter -->
<testsuite skipped="0" hostname="LAPTOP-HC7TTO3K" name="com.testNG.multibrowser.MultiBrowserTest" tests="1" failures="0" timestamp="2022-01-12T16:49:20 IST" time="1.663" errors="0">
  <testcase name="login" time="1.663" classname="com.testNG.multibrowser.MultiBrowserTest"/>
  <system-out/>
</testsuite> <!-- com.testNG.multibrowser.MultiBrowserTest -->
