<?xml version="1.0" encoding="UTF-8"?>
<!-- Generated by org.testng.reporters.JUnitReportReporter -->
<testsuite skipped="0" hostname="LAPTOP-HC7TTO3K" name="com.testNG.parallelTests.ParallelTest1" tests="1" failures="0" timestamp="2022-01-12T17:11:35 IST" time="2.470" errors="0">
  <testcase name="login" time="2.470" classname="com.testNG.parallelTests.ParallelTest1"/>
  <system-out/>
</testsuite> <!-- com.testNG.parallelTests.ParallelTest1 -->
