<?xml version="1.0" encoding="UTF-8"?>
<!-- Generated by org.testng.reporters.JUnitReportReporter -->
<testsuite skipped="0" hostname="LAPTOP-HC7TTO3K" name="com.testNG.parallelMethods.ParallelMethods1" tests="1" failures="0" timestamp="2022-01-12T17:07:40 IST" time="1.927" errors="0">
  <testcase name="login" time="1.927" classname="com.testNG.parallelMethods.ParallelMethods1"/>
  <system-out/>
</testsuite> <!-- com.testNG.parallelMethods.ParallelMethods1 -->
