<?xml version="1.0" encoding="UTF-8"?>
<!-- Generated by org.testng.reporters.JUnitReportReporter -->
<testsuite skipped="0" hostname="LAPTOP-HC7TTO3K" name="com.testNG.parallelTests.ParallelTest2" tests="2" failures="0" timestamp="2022-01-12T17:13:21 IST" time="3.252" errors="0">
  <testcase name="login" time="1.859" classname="com.testNG.parallelTests.ParallelTest2"/>
  <system-out/>
  <testcase name="login" time="1.393" classname="com.testNG.parallelTests.ParallelTest2"/>
  <system-out/>
</testsuite> <!-- com.testNG.parallelTests.ParallelTest2 -->
