<?xml version="1.0" encoding="UTF-8"?>
<!-- Generated by org.testng.reporters.JUnitReportReporter -->
<testsuite skipped="0" hostname="LAPTOP-HC7TTO3K" name="com.testNG.parallelClasses.ParallelClass2" tests="1" failures="0" timestamp="2022-01-12T16:59:31 IST" time="1.700" errors="0">
  <testcase name="login" time="1.700" classname="com.testNG.parallelClasses.ParallelClass2"/>
  <system-out/>
</testsuite> <!-- com.testNG.parallelClasses.ParallelClass2 -->
